<?xml version="1.0" encoding="UTF-8"?>
<testng-results skipped="0" failed="0" total="1" passed="1">
  <reporter-output>
  </reporter-output>
  <suite name="Default suite" duration-ms="13297" started-at="2017-01-27T06:30:22Z" finished-at="2017-01-27T06:30:35Z">
    <groups>
    </groups>
    <test name="Default test" duration-ms="13297" started-at="2017-01-27T06:30:22Z" finished-at="2017-01-27T06:30:35Z">
      <class name="firsttestngpackage.FirstTestNGFile">
        <test-method status="PASS" signature="verifyURL()[pri:0, instance:firsttestngpackage.FirstTestNGFile@61865c]" name="verifyURL" duration-ms="13242" started-at="2017-01-27T12:00:22Z" finished-at="2017-01-27T12:00:35Z">
          <reporter-output>
          </reporter-output>
        </test-method> <!-- verifyURL -->
      </class> <!-- firsttestngpackage.FirstTestNGFile -->
    </test> <!-- Default test -->
  </suite> <!-- Default suite -->
</testng-results>
